2025-02-19 21:27:42,421 - WARNING - Apache ya está detenido
2025-02-20 19:00:19,116 - INFO - Deteniendo Apache...
2025-02-20 19:00:20,058 - ERROR - Fallo al detener Apache: Error 1: Stop-Service : No se puede detener el servicio 'Apache2.4 (Apache2.4)' debido al error siguiente: No se puede abrir el 
servicio Apache2.4 en el equipo '.'.
En l¡nea: 1 Car cter: 1
+ Stop-Service -Name 'Apache2.4' -Force
+ ~~~~~~~~~~~~~~~~~~~~~~~~~~~~~~~~~~~~~
    + CategoryInfo          : CloseError: (System.ServiceProcess.ServiceController:ServiceController) [Stop-Service],  
   ServiceCommandException
    + FullyQualifiedErrorId : CouldNotStopService,Microsoft.PowerShell.Commands.StopServiceCommand
2025-02-20 19:00:29,511 - INFO - Deteniendo Apache...
2025-02-20 19:00:30,446 - ERROR - Fallo al detener Apache: Error 1: Stop-Service : No se puede detener el servicio 'Apache2.4 (Apache2.4)' debido al error siguiente: No se puede abrir el 
servicio Apache2.4 en el equipo '.'.
En l¡nea: 1 Car cter: 1
+ Stop-Service -Name 'Apache2.4' -Force
+ ~~~~~~~~~~~~~~~~~~~~~~~~~~~~~~~~~~~~~
    + CategoryInfo          : CloseError: (System.ServiceProcess.ServiceController:ServiceController) [Stop-Service], ServiceC 
   ommandException
    + FullyQualifiedErrorId : CouldNotStopService,Microsoft.PowerShell.Commands.StopServiceCommand
2025-02-20 19:01:34,685 - INFO - Deteniendo Apache...
2025-02-20 19:01:35,612 - ERROR - Fallo al detener Apache: Error 1: Stop-Service : No se puede detener el servicio 'Apache2.4 (Apache2.4)' debido al error siguiente: No se puede abrir el 
servicio Apache2.4 en el equipo '.'.
En l¡nea: 1 Car cter: 1
+ Stop-Service -Name 'Apache2.4' -Force
+ ~~~~~~~~~~~~~~~~~~~~~~~~~~~~~~~~~~~~~
    + CategoryInfo          : CloseError: (System.ServiceProcess.ServiceController:ServiceController) [Stop-Service], ServiceC 
   ommandException
    + FullyQualifiedErrorId : CouldNotStopService,Microsoft.PowerShell.Commands.StopServiceCommand
2025-02-20 19:01:55,578 - INFO - Deteniendo Apache...
2025-02-20 19:01:56,507 - ERROR - Fallo al detener Apache: Error 1: Stop-Service : No se puede detener el servicio 'Apache2.4 (Apache2.4)' debido al error siguiente: No se puede 
abrir el servicio Apache2.4 en el equipo '.'.
En l¡nea: 1 Car cter: 1
+ Stop-Service -Name 'Apache2.4' -Force
+ ~~~~~~~~~~~~~~~~~~~~~~~~~~~~~~~~~~~~~
    + CategoryInfo          : CloseError: (System.ServiceProcess.ServiceController:ServiceController) [Stop-Se 
   rvice], ServiceCommandException
    + FullyQualifiedErrorId : CouldNotStopService,Microsoft.PowerShell.Commands.StopServiceCommand
